c:\users\zeus-zzp\downloads\scanlinezbuffer\scanlinezbuffer\release\scanlinezbuffer.pch
c:\users\zeus-zzp\downloads\scanlinezbuffer\scanlinezbuffer\release\vc120.pdb
c:\users\zeus-zzp\downloads\scanlinezbuffer\scanlinezbuffer\release\stdafx.obj
c:\users\zeus-zzp\downloads\scanlinezbuffer\scanlinezbuffer\release\scanlinezbufferview.obj
c:\users\zeus-zzp\downloads\scanlinezbuffer\scanlinezbuffer\release\scanlinezbufferprocess.obj
c:\users\zeus-zzp\downloads\scanlinezbuffer\scanlinezbuffer\release\scanlinezbufferdoc.obj
c:\users\zeus-zzp\downloads\scanlinezbuffer\scanlinezbuffer\release\scanlinezbuffer.obj
c:\users\zeus-zzp\downloads\scanlinezbuffer\scanlinezbuffer\release\polygonlist.obj
c:\users\zeus-zzp\downloads\scanlinezbuffer\scanlinezbuffer\release\polygon.obj
c:\users\zeus-zzp\downloads\scanlinezbuffer\scanlinezbuffer\release\point3d.obj
c:\users\zeus-zzp\downloads\scanlinezbuffer\scanlinezbuffer\release\mainfrm.obj
c:\users\zeus-zzp\downloads\scanlinezbuffer\scanlinezbuffer\release\edgelist.obj
c:\users\zeus-zzp\downloads\scanlinezbuffer\scanlinezbuffer\release\edge.obj
c:\users\zeus-zzp\downloads\scanlinezbuffer\scanlinezbuffer\release\activeedge.obj
c:\users\zeus-zzp\downloads\scanlinezbuffer\scanlinezbuffer\release\scanlinezbuffer.res
c:\users\zeus-zzp\downloads\scanlinezbuffer\scanlinezbuffer\release\scanlinezbuffer.exe.intermediate.manifest
c:\users\zeus-zzp\downloads\scanlinezbuffer\scanlinezbuffer\release\vc80.idb
c:\users\zeus-zzp\downloads\scanlinezbuffer\scanlinezbuffer\release\vc80.pdb
c:\users\zeus-zzp\downloads\scanlinezbuffer\release\scanlinezbuffer.pdb
c:\users\zeus-zzp\downloads\scanlinezbuffer\scanlinezbuffer\release\scanlinezbuffer.tlog\cl.command.1.tlog
c:\users\zeus-zzp\downloads\scanlinezbuffer\scanlinezbuffer\release\scanlinezbuffer.tlog\cl.read.1.tlog
c:\users\zeus-zzp\downloads\scanlinezbuffer\scanlinezbuffer\release\scanlinezbuffer.tlog\cl.write.1.tlog
c:\users\zeus-zzp\downloads\scanlinezbuffer\scanlinezbuffer\release\scanlinezbuffer.tlog\link-cvtres.read.1.tlog
c:\users\zeus-zzp\downloads\scanlinezbuffer\scanlinezbuffer\release\scanlinezbuffer.tlog\link-cvtres.write.1.tlog
c:\users\zeus-zzp\downloads\scanlinezbuffer\scanlinezbuffer\release\scanlinezbuffer.tlog\link-mt.read.1.tlog
c:\users\zeus-zzp\downloads\scanlinezbuffer\scanlinezbuffer\release\scanlinezbuffer.tlog\link-mt.write.1.tlog
c:\users\zeus-zzp\downloads\scanlinezbuffer\scanlinezbuffer\release\scanlinezbuffer.tlog\link-rc.read.1.tlog
c:\users\zeus-zzp\downloads\scanlinezbuffer\scanlinezbuffer\release\scanlinezbuffer.tlog\link-rc.write.1.tlog
c:\users\zeus-zzp\downloads\scanlinezbuffer\scanlinezbuffer\release\scanlinezbuffer.tlog\link.command.1.tlog
c:\users\zeus-zzp\downloads\scanlinezbuffer\scanlinezbuffer\release\scanlinezbuffer.tlog\link.read.1.tlog
c:\users\zeus-zzp\downloads\scanlinezbuffer\scanlinezbuffer\release\scanlinezbuffer.tlog\link.write.1.tlog
c:\users\zeus-zzp\downloads\scanlinezbuffer\scanlinezbuffer\release\scanlinezbuffer.tlog\rc.command.1.tlog
c:\users\zeus-zzp\downloads\scanlinezbuffer\scanlinezbuffer\release\scanlinezbuffer.tlog\rc.read.1.tlog
c:\users\zeus-zzp\downloads\scanlinezbuffer\scanlinezbuffer\release\scanlinezbuffer.tlog\rc.write.1.tlog
